<?xml version="1.0" encoding="UTF-8"?>
<robot generator="Robot 7.0 (Python 3.12.3 on win32)" generated="2024-05-28T01:45:33.216330" rpa="false" schemaversion="5">
<suite id="s1" name="Pagar" source="c:\Users\breno\OneDrive\Área de Trabalho\atividade9-raroacademy-AMANDA-MAPA\android\features\pagar.robot">
<test id="s1-t1" name="CT001 - Tela de pagamentos" line="9">
<kw name="Open Test Application" owner="config" type="SETUP">
<kw name="Open Application" owner="AppiumLibrary">
<arg>http://127.0.0.1:4723</arg>
<arg>automationName=${ANDROID_AUTOMATION_NAME}</arg>
<arg>platformName=${ANDROID_PLATFORM_NAME}</arg>
<arg>platformVersion=${ANDROID_PLATFORM_VERSION}</arg>
<arg>appPackage=${APP_PACKAGE}</arg>
<arg>appActivity=${APP_ACTIVITY}</arg>
<doc>Opens a new application to given Appium server.
Capabilities of appium server, Android and iOS,
Please check https://github.com/appium/appium/blob/master/docs/en/writing-running-appium/server-args.md
| *Option*            | *Man.* | *Description*     |
| remote_url          | Yes    | Appium server url |
| alias               | no     | alias             |
| strict_ssl          | No     | allows you to send commands to an invalid certificate host like a self-signed one. |</doc>
<status status="PASS" start="2024-05-28T01:45:33.593188" elapsed="5.987334"/>
</kw>
<status status="PASS" start="2024-05-28T01:45:33.592155" elapsed="5.988367"/>
</kw>
<kw name="Quando deseja realizar um Pagamento" owner="pagarPage">
<kw name="Click Element" owner="AppiumLibrary">
<msg time="2024-05-28T01:45:39.587495" level="INFO">Clicking element 'xpath=//android.widget.ScrollView/android.widget.HorizontalScrollView[1]/android.widget.Button[2]'.</msg>
<msg time="2024-05-28T01:45:41.840436" level="INFO">xpath criteria: //android.widget.ScrollView/android.widget.HorizontalScrollView[1]/android.widget.Button[2]</msg>
<arg>${CARROSSEL_PAGAR_BTN}</arg>
<doc>Click element identified by `locator`.</doc>
<status status="PASS" start="2024-05-28T01:45:39.581486" elapsed="2.258950"/>
</kw>
<status status="PASS" start="2024-05-28T01:45:39.581486" elapsed="2.258950"/>
</kw>
<kw name="Então visualiza a página de pagamentos" owner="pagarPage">
<kw name="Espera o elemento e verifica o elemento" owner="commons">
<kw name="Wait Until Element Is Visible" owner="AppiumLibrary">
<msg time="2024-05-28T01:45:42.190674" level="INFO">xpath criteria: //android.widget.Button</msg>
<arg>${elemento}</arg>
<doc>Waits until element specified with `locator` is visible.</doc>
<status status="PASS" start="2024-05-28T01:45:41.842419" elapsed="0.349254"/>
</kw>
<kw name="Element Should Be Visible" owner="AppiumLibrary">
<msg time="2024-05-28T01:45:42.396301" level="INFO">xpath criteria: //android.widget.Button</msg>
<arg>${elemento}</arg>
<doc>Verifies that element identified with locator is visible.</doc>
<status status="PASS" start="2024-05-28T01:45:42.191673" elapsed="0.204628"/>
</kw>
<arg>${FECHAR_BTN}</arg>
<status status="PASS" start="2024-05-28T01:45:41.841417" elapsed="0.554884"/>
</kw>
<kw name="Espera o elemento e verifica o elemento" owner="commons">
<kw name="Wait Until Element Is Visible" owner="AppiumLibrary">
<msg time="2024-05-28T01:45:42.601529" level="INFO">xpath criteria: //android.view.View[contains(@content-desc,"Pagar com Pix")]</msg>
<arg>${elemento}</arg>
<doc>Waits until element specified with `locator` is visible.</doc>
<status status="PASS" start="2024-05-28T01:45:42.398302" elapsed="0.203227"/>
</kw>
<kw name="Element Should Be Visible" owner="AppiumLibrary">
<msg time="2024-05-28T01:45:42.802853" level="INFO">xpath criteria: //android.view.View[contains(@content-desc,"Pagar com Pix")]</msg>
<arg>${elemento}</arg>
<doc>Verifies that element identified with locator is visible.</doc>
<status status="PASS" start="2024-05-28T01:45:42.602526" elapsed="0.201329"/>
</kw>
<arg>${PAGAR_COM_PIX}</arg>
<status status="PASS" start="2024-05-28T01:45:42.397305" elapsed="0.406550"/>
</kw>
<kw name="Espera o elemento e verifica o atributo" owner="commons">
<kw name="Wait Until Element Is Visible" owner="AppiumLibrary">
<msg time="2024-05-28T01:45:43.003120" level="INFO">xpath criteria: //android.view.View[contains(@content-desc,"Pagar com Pix")]</msg>
<arg>${elemento}</arg>
<doc>Waits until element specified with `locator` is visible.</doc>
<status status="PASS" start="2024-05-28T01:45:42.804851" elapsed="0.198269"/>
</kw>
<kw name="Element Attribute Should Match" owner="AppiumLibrary">
<msg time="2024-05-28T01:45:43.205482" level="INFO">Element 'xpath=//android.view.View[contains(@content-desc,"Pagar com Pix")]' attribute 'content-desc' is 'Pagar com Pix' </msg>
<msg time="2024-05-28T01:45:43.206484" level="INFO">xpath criteria: //android.view.View[contains(@content-desc,"Pagar com Pix")]</msg>
<arg>${elemento}</arg>
<arg>${atributo}</arg>
<arg>${valor_atributo}</arg>
<arg>regexp=true</arg>
<doc>Verify that an attribute of an element matches the expected criteria.</doc>
<status status="PASS" start="2024-05-28T01:45:43.004120" elapsed="0.202364"/>
</kw>
<arg>${PAGAR_COM_PIX}</arg>
<arg>content-desc</arg>
<arg>Pagar com Pix</arg>
<status status="PASS" start="2024-05-28T01:45:42.803855" elapsed="0.402629"/>
</kw>
<kw name="Espera o elemento e verifica o elemento" owner="commons">
<kw name="Wait Until Element Is Visible" owner="AppiumLibrary">
<msg time="2024-05-28T01:45:43.417884" level="INFO">xpath criteria: //android.view.View[contains(@content-desc,"Pagar fatura do cartão")]</msg>
<arg>${elemento}</arg>
<doc>Waits until element specified with `locator` is visible.</doc>
<status status="PASS" start="2024-05-28T01:45:43.206987" elapsed="0.210897"/>
</kw>
<kw name="Element Should Be Visible" owner="AppiumLibrary">
<msg time="2024-05-28T01:45:43.613347" level="INFO">xpath criteria: //android.view.View[contains(@content-desc,"Pagar fatura do cartão")]</msg>
<arg>${elemento}</arg>
<doc>Verifies that element identified with locator is visible.</doc>
<status status="PASS" start="2024-05-28T01:45:43.418844" elapsed="0.194503"/>
</kw>
<arg>${PAGAR_FATURA_CARTAO}</arg>
<status status="PASS" start="2024-05-28T01:45:43.206987" elapsed="0.406360"/>
</kw>
<kw name="Espera o elemento e verifica o atributo" owner="commons">
<kw name="Wait Until Element Is Visible" owner="AppiumLibrary">
<msg time="2024-05-28T01:45:43.795994" level="INFO">xpath criteria: //android.view.View[contains(@content-desc,"Pagar fatura do cartão")]</msg>
<arg>${elemento}</arg>
<doc>Waits until element specified with `locator` is visible.</doc>
<status status="PASS" start="2024-05-28T01:45:43.616391" elapsed="0.180628"/>
</kw>
<kw name="Element Attribute Should Match" owner="AppiumLibrary">
<msg time="2024-05-28T01:45:43.984705" level="INFO">Element 'xpath=//android.view.View[contains(@content-desc,"Pagar fatura do cartão")]' attribute 'content-desc' is 'Pagar fatura do cartão' </msg>
<msg time="2024-05-28T01:45:43.984705" level="INFO">xpath criteria: //android.view.View[contains(@content-desc,"Pagar fatura do cartão")]</msg>
<arg>${elemento}</arg>
<arg>${atributo}</arg>
<arg>${valor_atributo}</arg>
<arg>regexp=true</arg>
<doc>Verify that an attribute of an element matches the expected criteria.</doc>
<status status="PASS" start="2024-05-28T01:45:43.797019" elapsed="0.188651"/>
</kw>
<arg>${PAGAR_FATURA_CARTAO}</arg>
<arg>content-desc</arg>
<arg>Pagar fatura do cartão</arg>
<status status="PASS" start="2024-05-28T01:45:43.614350" elapsed="0.371320"/>
</kw>
<kw name="Espera o elemento e verifica o elemento" owner="commons">
<kw name="Wait Until Element Is Visible" owner="AppiumLibrary">
<msg time="2024-05-28T01:45:44.165224" level="INFO">xpath criteria: //android.view.View[contains(@content-desc,"Pagar um boleto")]</msg>
<arg>${elemento}</arg>
<doc>Waits until element specified with `locator` is visible.</doc>
<status status="PASS" start="2024-05-28T01:45:43.986669" elapsed="0.179642"/>
</kw>
<kw name="Element Should Be Visible" owner="AppiumLibrary">
<msg time="2024-05-28T01:45:44.323752" level="INFO">xpath criteria: //android.view.View[contains(@content-desc,"Pagar um boleto")]</msg>
<arg>${elemento}</arg>
<doc>Verifies that element identified with locator is visible.</doc>
<status status="PASS" start="2024-05-28T01:45:44.167208" elapsed="0.156544"/>
</kw>
<arg>${PAGAR_BOLETO}</arg>
<status status="PASS" start="2024-05-28T01:45:43.985670" elapsed="0.338082"/>
</kw>
<kw name="Espera o elemento e verifica o atributo" owner="commons">
<kw name="Wait Until Element Is Visible" owner="AppiumLibrary">
<msg time="2024-05-28T01:45:44.492417" level="INFO">xpath criteria: //android.view.View[contains(@content-desc,"Pagar um boleto")]</msg>
<arg>${elemento}</arg>
<doc>Waits until element specified with `locator` is visible.</doc>
<status status="PASS" start="2024-05-28T01:45:44.324786" elapsed="0.167631"/>
</kw>
<kw name="Element Attribute Should Match" owner="AppiumLibrary">
<msg time="2024-05-28T01:45:44.670221" level="INFO">Element 'xpath=//android.view.View[contains(@content-desc,"Pagar um boleto")]' attribute 'content-desc' is 'Pagar um boleto' </msg>
<msg time="2024-05-28T01:45:44.670221" level="INFO">xpath criteria: //android.view.View[contains(@content-desc,"Pagar um boleto")]</msg>
<arg>${elemento}</arg>
<arg>${atributo}</arg>
<arg>${valor_atributo}</arg>
<arg>regexp=true</arg>
<doc>Verify that an attribute of an element matches the expected criteria.</doc>
<status status="PASS" start="2024-05-28T01:45:44.492417" elapsed="0.177804"/>
</kw>
<arg>${PAGAR_BOLETO}</arg>
<arg>content-desc</arg>
<arg>Pagar um boleto</arg>
<status status="PASS" start="2024-05-28T01:45:44.323752" elapsed="0.346469"/>
</kw>
<status status="PASS" start="2024-05-28T01:45:41.841417" elapsed="2.829803"/>
</kw>
<kw name="Teardown" owner="config" type="TEARDOWN">
<kw name="Run Keyword If Test Failed" owner="BuiltIn">
<arg>Capture Page Screenshot</arg>
<doc>Runs the given keyword with the given arguments, if the test failed.</doc>
<status status="PASS" start="2024-05-28T01:45:44.672186" elapsed="0.000000"/>
</kw>
<kw name="Close All Applications" owner="AppiumLibrary">
<doc>Closes all open applications.</doc>
<status status="PASS" start="2024-05-28T01:45:44.672186" elapsed="0.304137"/>
</kw>
<status status="PASS" start="2024-05-28T01:45:44.671220" elapsed="0.306106"/>
</kw>
<status status="PASS" start="2024-05-28T01:45:33.590153" elapsed="11.387173"/>
</test>
<doc>atividade 9 Raro Academy - teste tela de pagar e botões</doc>
<status status="PASS" start="2024-05-28T01:45:33.227331" elapsed="11.753993"/>
</suite>
<statistics>
<total>
<stat pass="1" fail="0" skip="0">All Tests</stat>
</total>
<tag>
</tag>
<suite>
<stat pass="1" fail="0" skip="0" id="s1" name="Pagar">Pagar</stat>
</suite>
</statistics>
<errors>
</errors>
</robot>
